2024-11-09 10:12:41,198 - root - INFO - Successfully made request to https://api.spotify.com/v1/tracks/2tHfNQnj50VoMZga2rpfdA with status code 200
2024-11-09 10:12:41,356 - root - INFO - Successfully made request to https://api.spotify.com/v1/artists/5Q81rlcTFh3k6DQJXPdsot with status code 200
2024-11-09 10:12:41,578 - root - INFO - Successfully made request to https://api.spotify.com/v1/albums/0NBTBo1qrg554sAj79nEqD with status code 200
2024-11-09 10:12:41,791 - root - INFO - Successfully made request to https://api.spotify.com/v1/tracks/2T5NBwKRySiCR78vVk08vr with status code 200
2024-11-09 10:12:41,933 - root - INFO - Successfully made request to https://api.spotify.com/v1/artists/4r63FhuTkUYltbVAg5TQnk with status code 200
2024-11-09 10:12:42,119 - root - INFO - Successfully made request to https://api.spotify.com/v1/albums/6SL49HqoUwu2hhfukBAK3Q with status code 200
2024-11-09 10:12:42,375 - root - INFO - Successfully made request to https://api.spotify.com/v1/tracks/3LnoLo62GjfKDYIN7eJpPB with status code 200
2024-11-09 10:12:42,528 - root - INFO - Successfully made request to https://api.spotify.com/v1/artists/0jNDKefhfSbLR9sFvcPLHo with status code 200
2024-11-09 10:12:42,746 - root - INFO - Successfully made request to https://api.spotify.com/v1/albums/046wH7DEfUumC5h9ykIEkd with status code 200
2024-11-09 10:12:42,902 - root - INFO - Successfully made request to https://api.spotify.com/v1/tracks/1k3J7o5b0tDUzbllLycVUJ with status code 200
2024-11-09 10:12:43,024 - root - INFO - Successfully made request to https://api.spotify.com/v1/albums/7t6TgWkJUkrtbMtcpk7sh0 with status code 200
2024-11-09 10:12:43,146 - root - INFO - Successfully made request to https://api.spotify.com/v1/tracks/1BncfTJAWxrsxyT9culBrj with status code 200
2024-11-09 10:12:43,330 - root - INFO - Successfully made request to https://api.spotify.com/v1/artists/2uFUBdaVGtyMqckSeCl0Qj with status code 200
2024-11-09 10:12:43,454 - root - INFO - Successfully made request to https://api.spotify.com/v1/albums/3uJ6D2WOPdjwJ0SrsH9EiG with status code 200
2024-11-09 10:12:43,616 - root - INFO - Successfully made request to https://api.spotify.com/v1/tracks/6kckNpuM5oXZrObLExRg6d with status code 200
2024-11-09 10:12:43,824 - root - INFO - Successfully made request to https://api.spotify.com/v1/artists/27gtK7m9vYwCyJ04zz0kIb with status code 200
2024-11-09 10:12:44,086 - root - INFO - Successfully made request to https://api.spotify.com/v1/albums/6EdbqQvOCialJuOjEEUlsL with status code 200
2024-11-09 10:12:44,242 - root - INFO - Successfully made request to https://api.spotify.com/v1/tracks/3V0W5CfNDMiTKg93wuLFxJ with status code 200
2024-11-09 10:12:44,398 - root - INFO - Successfully made request to https://api.spotify.com/v1/artists/4AGwPDdh1y8hochNzHy5HC with status code 200
2024-11-09 10:12:44,565 - root - INFO - Successfully made request to https://api.spotify.com/v1/albums/0pvp7cHQccsevHLhClFbSz with status code 200
2024-11-09 10:12:44,719 - root - INFO - Successfully made request to https://api.spotify.com/v1/tracks/1k3J7o5b0tDUzbllLycVUJ with status code 200
2024-11-09 10:12:44,941 - root - INFO - Successfully made request to https://api.spotify.com/v1/tracks/2ZUJsR8HEktit58X6FuPQM with status code 200
2024-11-09 10:12:45,092 - root - INFO - Successfully made request to https://api.spotify.com/v1/artists/5K4W6rqBFWDnAN6FQUkS6x with status code 200
2024-11-09 10:12:45,292 - root - INFO - Successfully made request to https://api.spotify.com/v1/albums/340MjPcVdiQRnMigrPybZA with status code 200
2024-11-09 10:12:45,407 - root - INFO - Successfully made request to https://api.spotify.com/v1/tracks/7Bpx2vsWfQFBACRz4h3IqH with status code 200
2024-11-09 10:12:45,548 - root - INFO - Successfully made request to https://api.spotify.com/v1/artists/5SXuuuRpukkTvsLuUknva1 with status code 200
2024-11-09 10:12:45,748 - root - INFO - Successfully made request to https://api.spotify.com/v1/albums/3HqmX8hGcbbQZODgayNEYx with status code 200
2024-11-09 10:12:45,928 - root - INFO - Successfully made request to https://api.spotify.com/v1/tracks/4JJcP0Rv9AgyPD6ZGaC8EE with status code 200
2024-11-09 10:12:46,160 - root - INFO - Successfully made request to https://api.spotify.com/v1/albums/2JFAT4IDF89ZMmuxoOKbQ1 with status code 200
2024-11-09 10:12:46,323 - root - INFO - Successfully made request to https://api.spotify.com/v1/tracks/42ZrMq4BKsWDrrbMnMRYaK with status code 200
2024-11-09 10:12:46,560 - root - INFO - Successfully made request to https://api.spotify.com/v1/tracks/7f1w2rZoIf7g56McEUTh5W with status code 200
2024-11-09 10:12:46,683 - root - INFO - Successfully made request to https://api.spotify.com/v1/tracks/1QCqedB1ibmRO9x7Ikb5LI with status code 200
2024-11-09 10:12:46,818 - root - INFO - Successfully made request to https://api.spotify.com/v1/tracks/6DZz58CbF0AKw5PCKqNKcM with status code 200
2024-11-09 10:12:46,999 - root - INFO - Successfully made request to https://api.spotify.com/v1/tracks/3onYsG7nB3FwEVHYYWCrIM with status code 200
2024-11-09 10:13:17,348 - root - INFO - Successfully made request to https://api.spotify.com/v1/tracks/2tHfNQnj50VoMZga2rpfdA with status code 200
2024-11-09 10:13:17,481 - root - INFO - Successfully made request to https://api.spotify.com/v1/artists/5Q81rlcTFh3k6DQJXPdsot with status code 200
2024-11-09 10:15:14,852 - root - INFO - Successfully made request to https://api.spotify.com/v1/tracks/2tHfNQnj50VoMZga2rpfdA with status code 200
2024-11-09 10:15:15,011 - root - INFO - Successfully made request to https://api.spotify.com/v1/artists/5Q81rlcTFh3k6DQJXPdsot with status code 200
2024-11-09 10:15:15,201 - root - INFO - Successfully made request to https://api.spotify.com/v1/albums/0NBTBo1qrg554sAj79nEqD with status code 200
2024-11-09 10:15:15,378 - root - INFO - Successfully made request to https://api.spotify.com/v1/tracks/2T5NBwKRySiCR78vVk08vr with status code 200
2024-11-09 10:15:15,518 - root - INFO - Successfully made request to https://api.spotify.com/v1/artists/4r63FhuTkUYltbVAg5TQnk with status code 200
2024-11-09 10:15:15,697 - root - INFO - Successfully made request to https://api.spotify.com/v1/albums/6SL49HqoUwu2hhfukBAK3Q with status code 200
2024-11-09 10:15:15,828 - root - INFO - Successfully made request to https://api.spotify.com/v1/tracks/3LnoLo62GjfKDYIN7eJpPB with status code 200
2024-11-09 10:15:15,996 - root - INFO - Successfully made request to https://api.spotify.com/v1/artists/0jNDKefhfSbLR9sFvcPLHo with status code 200
2024-11-09 10:15:16,176 - root - INFO - Successfully made request to https://api.spotify.com/v1/albums/046wH7DEfUumC5h9ykIEkd with status code 200
2024-11-09 10:15:16,299 - root - INFO - Successfully made request to https://api.spotify.com/v1/tracks/1k3J7o5b0tDUzbllLycVUJ with status code 200
2024-11-09 10:15:16,431 - root - INFO - Successfully made request to https://api.spotify.com/v1/albums/7t6TgWkJUkrtbMtcpk7sh0 with status code 200
2024-11-09 10:15:16,602 - root - INFO - Successfully made request to https://api.spotify.com/v1/tracks/1BncfTJAWxrsxyT9culBrj with status code 200
2024-11-09 10:15:16,769 - root - INFO - Successfully made request to https://api.spotify.com/v1/artists/2uFUBdaVGtyMqckSeCl0Qj with status code 200
2024-11-09 10:15:16,994 - root - INFO - Successfully made request to https://api.spotify.com/v1/albums/3uJ6D2WOPdjwJ0SrsH9EiG with status code 200
2024-11-09 10:15:17,149 - root - INFO - Successfully made request to https://api.spotify.com/v1/tracks/6kckNpuM5oXZrObLExRg6d with status code 200
2024-11-09 10:15:17,261 - root - INFO - Successfully made request to https://api.spotify.com/v1/artists/27gtK7m9vYwCyJ04zz0kIb with status code 200
2024-11-09 10:15:17,447 - root - INFO - Successfully made request to https://api.spotify.com/v1/albums/6EdbqQvOCialJuOjEEUlsL with status code 200
2024-11-09 10:15:17,689 - root - INFO - Successfully made request to https://api.spotify.com/v1/tracks/3V0W5CfNDMiTKg93wuLFxJ with status code 200
2024-11-09 10:15:17,860 - root - INFO - Successfully made request to https://api.spotify.com/v1/artists/4AGwPDdh1y8hochNzHy5HC with status code 200
2024-11-09 10:15:18,029 - root - INFO - Successfully made request to https://api.spotify.com/v1/albums/0pvp7cHQccsevHLhClFbSz with status code 200
2024-11-09 10:15:18,194 - root - INFO - Successfully made request to https://api.spotify.com/v1/tracks/1k3J7o5b0tDUzbllLycVUJ with status code 200
2024-11-09 10:15:18,358 - root - INFO - Successfully made request to https://api.spotify.com/v1/tracks/2ZUJsR8HEktit58X6FuPQM with status code 200
2024-11-09 10:15:18,518 - root - INFO - Successfully made request to https://api.spotify.com/v1/artists/5K4W6rqBFWDnAN6FQUkS6x with status code 200
2024-11-09 10:15:18,703 - root - INFO - Successfully made request to https://api.spotify.com/v1/albums/340MjPcVdiQRnMigrPybZA with status code 200
2024-11-09 10:15:18,846 - root - INFO - Successfully made request to https://api.spotify.com/v1/tracks/7Bpx2vsWfQFBACRz4h3IqH with status code 200
2024-11-09 10:15:18,991 - root - INFO - Successfully made request to https://api.spotify.com/v1/artists/5SXuuuRpukkTvsLuUknva1 with status code 200
2024-11-09 10:15:19,170 - root - INFO - Successfully made request to https://api.spotify.com/v1/albums/3HqmX8hGcbbQZODgayNEYx with status code 200
2024-11-09 10:15:19,321 - root - INFO - Successfully made request to https://api.spotify.com/v1/tracks/4JJcP0Rv9AgyPD6ZGaC8EE with status code 200
2024-11-09 10:15:19,478 - root - INFO - Successfully made request to https://api.spotify.com/v1/albums/2JFAT4IDF89ZMmuxoOKbQ1 with status code 200
2024-11-09 10:15:19,586 - root - INFO - Successfully made request to https://api.spotify.com/v1/tracks/42ZrMq4BKsWDrrbMnMRYaK with status code 200
2024-11-09 10:15:19,806 - root - INFO - Successfully made request to https://api.spotify.com/v1/tracks/7f1w2rZoIf7g56McEUTh5W with status code 200
2024-11-09 10:15:19,982 - root - INFO - Successfully made request to https://api.spotify.com/v1/tracks/1QCqedB1ibmRO9x7Ikb5LI with status code 200
2024-11-09 10:15:20,181 - root - INFO - Successfully made request to https://api.spotify.com/v1/tracks/6DZz58CbF0AKw5PCKqNKcM with status code 200
2024-11-09 10:15:20,378 - root - INFO - Successfully made request to https://api.spotify.com/v1/tracks/3onYsG7nB3FwEVHYYWCrIM with status code 200
2024-11-09 10:15:55,603 - root - INFO - Successfully made request to https://api.spotify.com/v1/tracks/2tHfNQnj50VoMZga2rpfdA with status code 200
2024-11-09 10:15:55,745 - root - INFO - Successfully made request to https://api.spotify.com/v1/artists/5Q81rlcTFh3k6DQJXPdsot with status code 200
2024-11-09 10:15:55,922 - root - INFO - Successfully made request to https://api.spotify.com/v1/albums/0NBTBo1qrg554sAj79nEqD with status code 200
2024-11-09 10:15:56,059 - root - INFO - Successfully made request to https://api.spotify.com/v1/tracks/2T5NBwKRySiCR78vVk08vr with status code 200
2024-11-09 10:15:56,239 - root - INFO - Successfully made request to https://api.spotify.com/v1/artists/4r63FhuTkUYltbVAg5TQnk with status code 200
2024-11-09 10:15:56,502 - root - INFO - Successfully made request to https://api.spotify.com/v1/albums/6SL49HqoUwu2hhfukBAK3Q with status code 200
2024-11-09 10:15:56,845 - root - INFO - Successfully made request to https://api.spotify.com/v1/tracks/3LnoLo62GjfKDYIN7eJpPB with status code 200
2024-11-09 10:15:57,459 - root - INFO - Successfully made request to https://api.spotify.com/v1/artists/0jNDKefhfSbLR9sFvcPLHo with status code 200
2024-11-09 10:15:57,706 - root - INFO - Successfully made request to https://api.spotify.com/v1/albums/046wH7DEfUumC5h9ykIEkd with status code 200
2024-11-09 10:15:57,808 - root - INFO - Successfully made request to https://api.spotify.com/v1/tracks/1k3J7o5b0tDUzbllLycVUJ with status code 200
2024-11-09 10:15:57,931 - root - INFO - Successfully made request to https://api.spotify.com/v1/albums/7t6TgWkJUkrtbMtcpk7sh0 with status code 200
2024-11-09 10:15:58,074 - root - INFO - Successfully made request to https://api.spotify.com/v1/tracks/1BncfTJAWxrsxyT9culBrj with status code 200
2024-11-09 10:15:58,236 - root - INFO - Successfully made request to https://api.spotify.com/v1/artists/2uFUBdaVGtyMqckSeCl0Qj with status code 200
2024-11-09 10:15:58,407 - root - INFO - Successfully made request to https://api.spotify.com/v1/albums/3uJ6D2WOPdjwJ0SrsH9EiG with status code 200
2024-11-09 10:15:58,551 - root - INFO - Successfully made request to https://api.spotify.com/v1/tracks/6kckNpuM5oXZrObLExRg6d with status code 200
2024-11-09 10:15:58,693 - root - INFO - Successfully made request to https://api.spotify.com/v1/artists/27gtK7m9vYwCyJ04zz0kIb with status code 200
2024-11-09 10:15:58,921 - root - INFO - Successfully made request to https://api.spotify.com/v1/albums/6EdbqQvOCialJuOjEEUlsL with status code 200
2024-11-09 10:15:59,068 - root - INFO - Successfully made request to https://api.spotify.com/v1/tracks/3V0W5CfNDMiTKg93wuLFxJ with status code 200
2024-11-09 10:15:59,216 - root - INFO - Successfully made request to https://api.spotify.com/v1/artists/4AGwPDdh1y8hochNzHy5HC with status code 200
2024-11-09 10:15:59,467 - root - INFO - Successfully made request to https://api.spotify.com/v1/albums/0pvp7cHQccsevHLhClFbSz with status code 200
2024-11-09 10:15:59,611 - root - INFO - Successfully made request to https://api.spotify.com/v1/tracks/1k3J7o5b0tDUzbllLycVUJ with status code 200
2024-11-09 10:15:59,845 - root - INFO - Successfully made request to https://api.spotify.com/v1/tracks/2ZUJsR8HEktit58X6FuPQM with status code 200
2024-11-09 10:16:00,027 - root - INFO - Successfully made request to https://api.spotify.com/v1/artists/5K4W6rqBFWDnAN6FQUkS6x with status code 200
2024-11-09 10:16:00,217 - root - INFO - Successfully made request to https://api.spotify.com/v1/albums/340MjPcVdiQRnMigrPybZA with status code 200
2024-11-09 10:16:00,353 - root - INFO - Successfully made request to https://api.spotify.com/v1/tracks/7Bpx2vsWfQFBACRz4h3IqH with status code 200
2024-11-09 10:16:00,476 - root - INFO - Successfully made request to https://api.spotify.com/v1/artists/5SXuuuRpukkTvsLuUknva1 with status code 200
2024-11-09 10:16:00,571 - root - INFO - Successfully made request to https://api.spotify.com/v1/albums/3HqmX8hGcbbQZODgayNEYx with status code 200
2024-11-09 10:16:00,709 - root - INFO - Successfully made request to https://api.spotify.com/v1/tracks/4JJcP0Rv9AgyPD6ZGaC8EE with status code 200
2024-11-09 10:16:00,859 - root - INFO - Successfully made request to https://api.spotify.com/v1/albums/2JFAT4IDF89ZMmuxoOKbQ1 with status code 200
2024-11-09 10:16:00,999 - root - INFO - Successfully made request to https://api.spotify.com/v1/tracks/42ZrMq4BKsWDrrbMnMRYaK with status code 200
2024-11-09 10:16:01,150 - root - INFO - Successfully made request to https://api.spotify.com/v1/tracks/7f1w2rZoIf7g56McEUTh5W with status code 200
2024-11-09 10:16:01,282 - root - INFO - Successfully made request to https://api.spotify.com/v1/tracks/1QCqedB1ibmRO9x7Ikb5LI with status code 200
2024-11-09 10:16:01,444 - root - INFO - Successfully made request to https://api.spotify.com/v1/tracks/6DZz58CbF0AKw5PCKqNKcM with status code 200
2024-11-09 10:16:01,569 - root - INFO - Successfully made request to https://api.spotify.com/v1/tracks/3onYsG7nB3FwEVHYYWCrIM with status code 200
2024-11-09 10:17:21,152 - root - INFO - Successfully made request to https://api.spotify.com/v1/tracks/2tHfNQnj50VoMZga2rpfdA with status code 200
2024-11-09 10:17:21,312 - root - INFO - Successfully made request to https://api.spotify.com/v1/artists/5Q81rlcTFh3k6DQJXPdsot with status code 200
2024-11-09 10:17:21,479 - root - INFO - Successfully made request to https://api.spotify.com/v1/albums/0NBTBo1qrg554sAj79nEqD with status code 200
2024-11-09 10:17:21,646 - root - INFO - Successfully made request to https://api.spotify.com/v1/tracks/2T5NBwKRySiCR78vVk08vr with status code 200
2024-11-09 10:17:21,757 - root - INFO - Successfully made request to https://api.spotify.com/v1/artists/4r63FhuTkUYltbVAg5TQnk with status code 200
2024-11-09 10:17:22,002 - root - INFO - Successfully made request to https://api.spotify.com/v1/albums/6SL49HqoUwu2hhfukBAK3Q with status code 200
2024-11-09 10:17:22,243 - root - INFO - Successfully made request to https://api.spotify.com/v1/tracks/3LnoLo62GjfKDYIN7eJpPB with status code 200
2024-11-09 10:17:22,386 - root - INFO - Successfully made request to https://api.spotify.com/v1/artists/0jNDKefhfSbLR9sFvcPLHo with status code 200
2024-11-09 10:17:22,520 - root - INFO - Successfully made request to https://api.spotify.com/v1/albums/046wH7DEfUumC5h9ykIEkd with status code 200
2024-11-09 10:17:22,687 - root - INFO - Successfully made request to https://api.spotify.com/v1/tracks/1k3J7o5b0tDUzbllLycVUJ with status code 200
2024-11-09 10:17:22,803 - root - INFO - Successfully made request to https://api.spotify.com/v1/albums/7t6TgWkJUkrtbMtcpk7sh0 with status code 200
2024-11-09 10:17:22,921 - root - INFO - Successfully made request to https://api.spotify.com/v1/tracks/1BncfTJAWxrsxyT9culBrj with status code 200
2024-11-09 10:17:23,105 - root - INFO - Successfully made request to https://api.spotify.com/v1/artists/2uFUBdaVGtyMqckSeCl0Qj with status code 200
2024-11-09 10:17:23,281 - root - INFO - Successfully made request to https://api.spotify.com/v1/albums/3uJ6D2WOPdjwJ0SrsH9EiG with status code 200
2024-11-09 10:17:23,417 - root - INFO - Successfully made request to https://api.spotify.com/v1/tracks/6kckNpuM5oXZrObLExRg6d with status code 200
2024-11-09 10:17:23,567 - root - INFO - Successfully made request to https://api.spotify.com/v1/artists/27gtK7m9vYwCyJ04zz0kIb with status code 200
2024-11-09 10:17:23,753 - root - INFO - Successfully made request to https://api.spotify.com/v1/albums/6EdbqQvOCialJuOjEEUlsL with status code 200
2024-11-09 10:17:23,892 - root - INFO - Successfully made request to https://api.spotify.com/v1/tracks/3V0W5CfNDMiTKg93wuLFxJ with status code 200
2024-11-09 10:17:24,020 - root - INFO - Successfully made request to https://api.spotify.com/v1/artists/4AGwPDdh1y8hochNzHy5HC with status code 200
2024-11-09 10:17:24,222 - root - INFO - Successfully made request to https://api.spotify.com/v1/albums/0pvp7cHQccsevHLhClFbSz with status code 200
2024-11-09 10:17:24,361 - root - INFO - Successfully made request to https://api.spotify.com/v1/tracks/1k3J7o5b0tDUzbllLycVUJ with status code 200
2024-11-09 10:17:24,528 - root - INFO - Successfully made request to https://api.spotify.com/v1/tracks/2ZUJsR8HEktit58X6FuPQM with status code 200
2024-11-09 10:17:24,724 - root - INFO - Successfully made request to https://api.spotify.com/v1/artists/5K4W6rqBFWDnAN6FQUkS6x with status code 200
2024-11-09 10:17:24,922 - root - INFO - Successfully made request to https://api.spotify.com/v1/albums/340MjPcVdiQRnMigrPybZA with status code 200
2024-11-09 10:17:25,070 - root - INFO - Successfully made request to https://api.spotify.com/v1/tracks/7Bpx2vsWfQFBACRz4h3IqH with status code 200
2024-11-09 10:17:25,249 - root - INFO - Successfully made request to https://api.spotify.com/v1/artists/5SXuuuRpukkTvsLuUknva1 with status code 200
2024-11-09 10:17:25,381 - root - INFO - Successfully made request to https://api.spotify.com/v1/albums/3HqmX8hGcbbQZODgayNEYx with status code 200
2024-11-09 10:17:25,565 - root - INFO - Successfully made request to https://api.spotify.com/v1/tracks/4JJcP0Rv9AgyPD6ZGaC8EE with status code 200
2024-11-09 10:17:25,703 - root - INFO - Successfully made request to https://api.spotify.com/v1/albums/2JFAT4IDF89ZMmuxoOKbQ1 with status code 200
2024-11-09 10:17:25,854 - root - INFO - Successfully made request to https://api.spotify.com/v1/tracks/42ZrMq4BKsWDrrbMnMRYaK with status code 200
2024-11-09 10:17:26,037 - root - INFO - Successfully made request to https://api.spotify.com/v1/tracks/7f1w2rZoIf7g56McEUTh5W with status code 200
2024-11-09 10:17:26,180 - root - INFO - Successfully made request to https://api.spotify.com/v1/tracks/1QCqedB1ibmRO9x7Ikb5LI with status code 200
2024-11-09 10:17:26,293 - root - INFO - Successfully made request to https://api.spotify.com/v1/tracks/6DZz58CbF0AKw5PCKqNKcM with status code 200
2024-11-09 10:17:26,444 - root - INFO - Successfully made request to https://api.spotify.com/v1/tracks/3onYsG7nB3FwEVHYYWCrIM with status code 200
2024-11-09 10:20:09,407 - root - INFO - Successfully made request to https://api.spotify.com/v1/tracks/2tHfNQnj50VoMZga2rpfdA with status code 200
2024-11-09 10:20:09,515 - root - INFO - Successfully made request to https://api.spotify.com/v1/tracks/2T5NBwKRySiCR78vVk08vr with status code 200
2024-11-09 10:20:09,650 - root - INFO - Successfully made request to https://api.spotify.com/v1/tracks/3LnoLo62GjfKDYIN7eJpPB with status code 200
2024-11-09 10:20:09,781 - root - INFO - Successfully made request to https://api.spotify.com/v1/tracks/1k3J7o5b0tDUzbllLycVUJ with status code 200
2024-11-09 10:20:10,186 - root - INFO - Successfully made request to https://api.spotify.com/v1/tracks/1BncfTJAWxrsxyT9culBrj with status code 200
2024-11-09 10:20:10,368 - root - INFO - Successfully made request to https://api.spotify.com/v1/tracks/6kckNpuM5oXZrObLExRg6d with status code 200
2024-11-09 10:20:10,493 - root - INFO - Successfully made request to https://api.spotify.com/v1/tracks/3V0W5CfNDMiTKg93wuLFxJ with status code 200
2024-11-09 10:20:10,629 - root - INFO - Successfully made request to https://api.spotify.com/v1/tracks/1k3J7o5b0tDUzbllLycVUJ with status code 200
2024-11-09 10:20:10,792 - root - INFO - Successfully made request to https://api.spotify.com/v1/tracks/2ZUJsR8HEktit58X6FuPQM with status code 200
2024-11-09 10:20:10,934 - root - INFO - Successfully made request to https://api.spotify.com/v1/tracks/7Bpx2vsWfQFBACRz4h3IqH with status code 200
2024-11-09 10:20:11,089 - root - INFO - Successfully made request to https://api.spotify.com/v1/tracks/4JJcP0Rv9AgyPD6ZGaC8EE with status code 200
2024-11-09 10:20:11,246 - root - INFO - Successfully made request to https://api.spotify.com/v1/tracks/42ZrMq4BKsWDrrbMnMRYaK with status code 200
2024-11-09 10:20:11,431 - root - INFO - Successfully made request to https://api.spotify.com/v1/tracks/7f1w2rZoIf7g56McEUTh5W with status code 200
2024-11-09 10:20:11,605 - root - INFO - Successfully made request to https://api.spotify.com/v1/tracks/1QCqedB1ibmRO9x7Ikb5LI with status code 200
2024-11-09 10:20:11,805 - root - INFO - Successfully made request to https://api.spotify.com/v1/tracks/6DZz58CbF0AKw5PCKqNKcM with status code 200
2024-11-09 10:20:11,977 - root - INFO - Successfully made request to https://api.spotify.com/v1/tracks/3onYsG7nB3FwEVHYYWCrIM with status code 200
2024-11-09 10:23:38,434 - root - INFO - Successfully made request to https://api.spotify.com/v1/tracks/2tHfNQnj50VoMZga2rpfdA with status code 200
2024-11-09 10:23:38,587 - root - INFO - Successfully made request to https://api.spotify.com/v1/artists/5Q81rlcTFh3k6DQJXPdsot with status code 200
2024-11-09 10:23:38,721 - root - INFO - Successfully made request to https://api.spotify.com/v1/tracks/2T5NBwKRySiCR78vVk08vr with status code 200
2024-11-09 10:23:38,852 - root - INFO - Successfully made request to https://api.spotify.com/v1/artists/4r63FhuTkUYltbVAg5TQnk with status code 200
2024-11-09 10:23:38,982 - root - INFO - Successfully made request to https://api.spotify.com/v1/tracks/3LnoLo62GjfKDYIN7eJpPB with status code 200
2024-11-09 10:23:39,134 - root - INFO - Successfully made request to https://api.spotify.com/v1/artists/0jNDKefhfSbLR9sFvcPLHo with status code 200
2024-11-09 10:23:39,302 - root - INFO - Successfully made request to https://api.spotify.com/v1/tracks/1k3J7o5b0tDUzbllLycVUJ with status code 200
2024-11-09 10:23:39,458 - root - INFO - Successfully made request to https://api.spotify.com/v1/tracks/1BncfTJAWxrsxyT9culBrj with status code 200
2024-11-09 10:23:39,596 - root - INFO - Successfully made request to https://api.spotify.com/v1/artists/2uFUBdaVGtyMqckSeCl0Qj with status code 200
2024-11-09 10:23:39,739 - root - INFO - Successfully made request to https://api.spotify.com/v1/tracks/6kckNpuM5oXZrObLExRg6d with status code 200
2024-11-09 10:23:39,942 - root - INFO - Successfully made request to https://api.spotify.com/v1/artists/27gtK7m9vYwCyJ04zz0kIb with status code 200
2024-11-09 10:23:40,146 - root - INFO - Successfully made request to https://api.spotify.com/v1/tracks/3V0W5CfNDMiTKg93wuLFxJ with status code 200
2024-11-09 10:23:40,304 - root - INFO - Successfully made request to https://api.spotify.com/v1/artists/4AGwPDdh1y8hochNzHy5HC with status code 200
2024-11-09 10:23:40,436 - root - INFO - Successfully made request to https://api.spotify.com/v1/tracks/1k3J7o5b0tDUzbllLycVUJ with status code 200
2024-11-09 10:23:40,625 - root - INFO - Successfully made request to https://api.spotify.com/v1/tracks/2ZUJsR8HEktit58X6FuPQM with status code 200
2024-11-09 10:23:40,797 - root - INFO - Successfully made request to https://api.spotify.com/v1/artists/5K4W6rqBFWDnAN6FQUkS6x with status code 200
2024-11-09 10:23:40,996 - root - INFO - Successfully made request to https://api.spotify.com/v1/tracks/7Bpx2vsWfQFBACRz4h3IqH with status code 200
2024-11-09 10:23:41,173 - root - INFO - Successfully made request to https://api.spotify.com/v1/artists/5SXuuuRpukkTvsLuUknva1 with status code 200
2024-11-09 10:23:41,363 - root - INFO - Successfully made request to https://api.spotify.com/v1/tracks/4JJcP0Rv9AgyPD6ZGaC8EE with status code 200
2024-11-09 10:23:41,512 - root - INFO - Successfully made request to https://api.spotify.com/v1/tracks/42ZrMq4BKsWDrrbMnMRYaK with status code 200
2024-11-09 10:23:41,715 - root - INFO - Successfully made request to https://api.spotify.com/v1/tracks/7f1w2rZoIf7g56McEUTh5W with status code 200
2024-11-09 10:23:41,836 - root - INFO - Successfully made request to https://api.spotify.com/v1/tracks/1QCqedB1ibmRO9x7Ikb5LI with status code 200
2024-11-09 10:23:41,993 - root - INFO - Successfully made request to https://api.spotify.com/v1/tracks/6DZz58CbF0AKw5PCKqNKcM with status code 200
2024-11-09 10:23:42,121 - root - INFO - Successfully made request to https://api.spotify.com/v1/tracks/3onYsG7nB3FwEVHYYWCrIM with status code 200
2024-11-09 10:24:11,814 - root - INFO - Successfully made request to https://api.spotify.com/v1/tracks/2tHfNQnj50VoMZga2rpfdA with status code 200
2024-11-09 10:24:11,941 - root - INFO - Successfully made request to https://api.spotify.com/v1/artists/5Q81rlcTFh3k6DQJXPdsot with status code 200
2024-11-09 10:24:12,121 - root - INFO - Successfully made request to https://api.spotify.com/v1/tracks/2T5NBwKRySiCR78vVk08vr with status code 200
2024-11-09 10:24:12,299 - root - INFO - Successfully made request to https://api.spotify.com/v1/artists/4r63FhuTkUYltbVAg5TQnk with status code 200
2024-11-09 10:24:12,500 - root - INFO - Successfully made request to https://api.spotify.com/v1/tracks/3LnoLo62GjfKDYIN7eJpPB with status code 200
2024-11-09 10:24:12,618 - root - INFO - Successfully made request to https://api.spotify.com/v1/artists/0jNDKefhfSbLR9sFvcPLHo with status code 200
2024-11-09 10:24:12,805 - root - INFO - Successfully made request to https://api.spotify.com/v1/tracks/1k3J7o5b0tDUzbllLycVUJ with status code 200
2024-11-09 10:24:12,959 - root - INFO - Successfully made request to https://api.spotify.com/v1/tracks/1BncfTJAWxrsxyT9culBrj with status code 200
2024-11-09 10:24:13,199 - root - INFO - Successfully made request to https://api.spotify.com/v1/artists/2uFUBdaVGtyMqckSeCl0Qj with status code 200
2024-11-09 10:24:13,425 - root - INFO - Successfully made request to https://api.spotify.com/v1/tracks/6kckNpuM5oXZrObLExRg6d with status code 200
2024-11-09 10:24:13,619 - root - INFO - Successfully made request to https://api.spotify.com/v1/artists/27gtK7m9vYwCyJ04zz0kIb with status code 200
2024-11-09 10:24:13,829 - root - INFO - Successfully made request to https://api.spotify.com/v1/tracks/3V0W5CfNDMiTKg93wuLFxJ with status code 200
2024-11-09 10:24:13,983 - root - INFO - Successfully made request to https://api.spotify.com/v1/artists/4AGwPDdh1y8hochNzHy5HC with status code 200
2024-11-09 10:24:14,149 - root - INFO - Successfully made request to https://api.spotify.com/v1/tracks/1k3J7o5b0tDUzbllLycVUJ with status code 200
2024-11-09 10:24:14,394 - root - INFO - Successfully made request to https://api.spotify.com/v1/tracks/2ZUJsR8HEktit58X6FuPQM with status code 200
2024-11-09 10:24:14,562 - root - INFO - Successfully made request to https://api.spotify.com/v1/artists/5K4W6rqBFWDnAN6FQUkS6x with status code 200
2024-11-09 10:24:14,750 - root - INFO - Successfully made request to https://api.spotify.com/v1/tracks/7Bpx2vsWfQFBACRz4h3IqH with status code 200
2024-11-09 10:24:14,955 - root - INFO - Successfully made request to https://api.spotify.com/v1/artists/5SXuuuRpukkTvsLuUknva1 with status code 200
2024-11-09 10:24:15,081 - root - INFO - Successfully made request to https://api.spotify.com/v1/tracks/4JJcP0Rv9AgyPD6ZGaC8EE with status code 200
2024-11-09 10:24:15,198 - root - INFO - Successfully made request to https://api.spotify.com/v1/tracks/42ZrMq4BKsWDrrbMnMRYaK with status code 200
2024-11-09 10:24:15,328 - root - INFO - Successfully made request to https://api.spotify.com/v1/tracks/7f1w2rZoIf7g56McEUTh5W with status code 200
2024-11-09 10:24:15,523 - root - INFO - Successfully made request to https://api.spotify.com/v1/tracks/1QCqedB1ibmRO9x7Ikb5LI with status code 200
2024-11-09 10:24:15,676 - root - INFO - Successfully made request to https://api.spotify.com/v1/tracks/6DZz58CbF0AKw5PCKqNKcM with status code 200
2024-11-09 10:24:15,870 - root - INFO - Successfully made request to https://api.spotify.com/v1/tracks/3onYsG7nB3FwEVHYYWCrIM with status code 200
2024-11-09 10:24:35,633 - root - INFO - Successfully made request to https://api.spotify.com/v1/tracks/2tHfNQnj50VoMZga2rpfdA with status code 200
2024-11-09 10:28:58,811 - root - INFO - Successfully made request to https://api.spotify.com/v1/tracks/2tHfNQnj50VoMZga2rpfdA with status code 200
2024-11-09 10:28:58,964 - root - INFO - Successfully made request to https://api.spotify.com/v1/tracks/2T5NBwKRySiCR78vVk08vr with status code 200
2024-11-09 10:28:59,097 - root - INFO - Successfully made request to https://api.spotify.com/v1/tracks/3LnoLo62GjfKDYIN7eJpPB with status code 200
2024-11-09 10:28:59,261 - root - INFO - Successfully made request to https://api.spotify.com/v1/tracks/1k3J7o5b0tDUzbllLycVUJ with status code 200
2024-11-09 10:28:59,397 - root - INFO - Successfully made request to https://api.spotify.com/v1/tracks/1BncfTJAWxrsxyT9culBrj with status code 200
2024-11-09 10:28:59,534 - root - INFO - Successfully made request to https://api.spotify.com/v1/tracks/6kckNpuM5oXZrObLExRg6d with status code 200
2024-11-09 10:28:59,654 - root - INFO - Successfully made request to https://api.spotify.com/v1/tracks/3V0W5CfNDMiTKg93wuLFxJ with status code 200
2024-11-09 10:28:59,790 - root - INFO - Successfully made request to https://api.spotify.com/v1/tracks/1k3J7o5b0tDUzbllLycVUJ with status code 200
2024-11-09 10:28:59,937 - root - INFO - Successfully made request to https://api.spotify.com/v1/tracks/2ZUJsR8HEktit58X6FuPQM with status code 200
2024-11-09 10:29:00,135 - root - INFO - Successfully made request to https://api.spotify.com/v1/tracks/7Bpx2vsWfQFBACRz4h3IqH with status code 200
2024-11-09 10:29:00,287 - root - INFO - Successfully made request to https://api.spotify.com/v1/tracks/4JJcP0Rv9AgyPD6ZGaC8EE with status code 200
2024-11-09 10:29:00,439 - root - INFO - Successfully made request to https://api.spotify.com/v1/tracks/42ZrMq4BKsWDrrbMnMRYaK with status code 200
2024-11-09 10:29:00,563 - root - INFO - Successfully made request to https://api.spotify.com/v1/tracks/7f1w2rZoIf7g56McEUTh5W with status code 200
2024-11-09 10:29:00,736 - root - INFO - Successfully made request to https://api.spotify.com/v1/tracks/1QCqedB1ibmRO9x7Ikb5LI with status code 200
2024-11-09 10:29:00,857 - root - INFO - Successfully made request to https://api.spotify.com/v1/tracks/6DZz58CbF0AKw5PCKqNKcM with status code 200
2024-11-09 10:29:00,986 - root - INFO - Successfully made request to https://api.spotify.com/v1/tracks/3onYsG7nB3FwEVHYYWCrIM with status code 200
2024-11-09 10:30:41,121 - root - INFO - Successfully made request to https://api.spotify.com/v1/tracks/2tHfNQnj50VoMZga2rpfdA with status code 200
2024-11-09 10:30:41,318 - root - INFO - Successfully made request to https://api.spotify.com/v1/albums/0NBTBo1qrg554sAj79nEqD with status code 200
2024-11-09 10:30:41,482 - root - INFO - Successfully made request to https://api.spotify.com/v1/tracks/2T5NBwKRySiCR78vVk08vr with status code 200
2024-11-09 10:30:41,674 - root - INFO - Successfully made request to https://api.spotify.com/v1/albums/6SL49HqoUwu2hhfukBAK3Q with status code 200
2024-11-09 10:30:41,836 - root - INFO - Successfully made request to https://api.spotify.com/v1/tracks/3LnoLo62GjfKDYIN7eJpPB with status code 200
2024-11-09 10:30:41,987 - root - INFO - Successfully made request to https://api.spotify.com/v1/albums/046wH7DEfUumC5h9ykIEkd with status code 200
2024-11-09 10:30:42,138 - root - INFO - Successfully made request to https://api.spotify.com/v1/tracks/1k3J7o5b0tDUzbllLycVUJ with status code 200
2024-11-09 10:30:42,314 - root - INFO - Successfully made request to https://api.spotify.com/v1/albums/7t6TgWkJUkrtbMtcpk7sh0 with status code 200
2024-11-09 10:30:42,505 - root - INFO - Successfully made request to https://api.spotify.com/v1/tracks/1BncfTJAWxrsxyT9culBrj with status code 200
2024-11-09 10:30:42,682 - root - INFO - Successfully made request to https://api.spotify.com/v1/albums/3uJ6D2WOPdjwJ0SrsH9EiG with status code 200
2024-11-09 10:30:42,810 - root - INFO - Successfully made request to https://api.spotify.com/v1/tracks/6kckNpuM5oXZrObLExRg6d with status code 200
2024-11-09 10:30:43,243 - root - INFO - Successfully made request to https://api.spotify.com/v1/albums/6EdbqQvOCialJuOjEEUlsL with status code 200
2024-11-09 10:30:43,423 - root - INFO - Successfully made request to https://api.spotify.com/v1/tracks/3V0W5CfNDMiTKg93wuLFxJ with status code 200
2024-11-09 10:30:43,597 - root - INFO - Successfully made request to https://api.spotify.com/v1/albums/0pvp7cHQccsevHLhClFbSz with status code 200
2024-11-09 10:30:43,711 - root - INFO - Successfully made request to https://api.spotify.com/v1/tracks/1k3J7o5b0tDUzbllLycVUJ with status code 200
2024-11-09 10:30:43,840 - root - INFO - Successfully made request to https://api.spotify.com/v1/tracks/2ZUJsR8HEktit58X6FuPQM with status code 200
2024-11-09 10:30:43,997 - root - INFO - Successfully made request to https://api.spotify.com/v1/albums/340MjPcVdiQRnMigrPybZA with status code 200
2024-11-09 10:30:44,121 - root - INFO - Successfully made request to https://api.spotify.com/v1/tracks/7Bpx2vsWfQFBACRz4h3IqH with status code 200
2024-11-09 10:30:44,296 - root - INFO - Successfully made request to https://api.spotify.com/v1/albums/3HqmX8hGcbbQZODgayNEYx with status code 200
2024-11-09 10:30:44,489 - root - INFO - Successfully made request to https://api.spotify.com/v1/tracks/4JJcP0Rv9AgyPD6ZGaC8EE with status code 200
2024-11-09 10:30:44,633 - root - INFO - Successfully made request to https://api.spotify.com/v1/albums/2JFAT4IDF89ZMmuxoOKbQ1 with status code 200
2024-11-09 10:30:44,785 - root - INFO - Successfully made request to https://api.spotify.com/v1/tracks/42ZrMq4BKsWDrrbMnMRYaK with status code 200
2024-11-09 10:30:44,961 - root - INFO - Successfully made request to https://api.spotify.com/v1/tracks/7f1w2rZoIf7g56McEUTh5W with status code 200
2024-11-09 10:30:45,130 - root - INFO - Successfully made request to https://api.spotify.com/v1/tracks/1QCqedB1ibmRO9x7Ikb5LI with status code 200
2024-11-09 10:30:45,257 - root - INFO - Successfully made request to https://api.spotify.com/v1/tracks/6DZz58CbF0AKw5PCKqNKcM with status code 200
2024-11-09 10:30:45,423 - root - INFO - Successfully made request to https://api.spotify.com/v1/tracks/3onYsG7nB3FwEVHYYWCrIM with status code 200
2024-11-09 10:35:20,311 - root - INFO - Successfully made request to https://api.spotify.com/v1/tracks/2tHfNQnj50VoMZga2rpfdA with status code 200
2024-11-09 10:35:20,451 - root - INFO - Successfully made request to https://api.spotify.com/v1/artists/5Q81rlcTFh3k6DQJXPdsot with status code 200
2024-11-09 10:35:20,631 - root - INFO - Successfully made request to https://api.spotify.com/v1/albums/0NBTBo1qrg554sAj79nEqD with status code 200
2024-11-09 10:35:20,794 - root - INFO - Successfully made request to https://api.spotify.com/v1/tracks/2T5NBwKRySiCR78vVk08vr with status code 200
2024-11-09 10:36:00,364 - root - INFO - Successfully made request to https://api.spotify.com/v1/tracks/2tHfNQnj50VoMZga2rpfdA with status code 200
2024-11-09 10:36:00,551 - root - INFO - Successfully made request to https://api.spotify.com/v1/artists/5Q81rlcTFh3k6DQJXPdsot with status code 200
2024-11-09 10:36:00,749 - root - INFO - Successfully made request to https://api.spotify.com/v1/albums/0NBTBo1qrg554sAj79nEqD with status code 200
2024-11-09 10:36:00,920 - root - INFO - Successfully made request to https://api.spotify.com/v1/tracks/2T5NBwKRySiCR78vVk08vr with status code 200
2024-11-09 10:36:51,940 - root - INFO - Successfully made request to https://api.spotify.com/v1/tracks/2tHfNQnj50VoMZga2rpfdA with status code 200
2024-11-09 10:36:52,055 - root - INFO - Successfully made request to https://api.spotify.com/v1/tracks/2T5NBwKRySiCR78vVk08vr with status code 200
2024-11-09 10:36:52,167 - root - INFO - Successfully made request to https://api.spotify.com/v1/artists/4r63FhuTkUYltbVAg5TQnk with status code 200
2024-11-09 10:36:52,357 - root - INFO - Successfully made request to https://api.spotify.com/v1/albums/6SL49HqoUwu2hhfukBAK3Q with status code 200
2024-11-09 10:36:52,474 - root - INFO - Successfully made request to https://api.spotify.com/v1/tracks/3LnoLo62GjfKDYIN7eJpPB with status code 200
2024-11-09 10:36:52,619 - root - INFO - Successfully made request to https://api.spotify.com/v1/artists/0jNDKefhfSbLR9sFvcPLHo with status code 200
2024-11-09 10:36:52,818 - root - INFO - Successfully made request to https://api.spotify.com/v1/albums/046wH7DEfUumC5h9ykIEkd with status code 200
2024-11-09 10:36:52,984 - root - INFO - Successfully made request to https://api.spotify.com/v1/tracks/1k3J7o5b0tDUzbllLycVUJ with status code 200
2024-11-09 10:36:53,205 - root - INFO - Successfully made request to https://api.spotify.com/v1/albums/7t6TgWkJUkrtbMtcpk7sh0 with status code 200
2024-11-09 10:36:53,381 - root - INFO - Successfully made request to https://api.spotify.com/v1/tracks/1BncfTJAWxrsxyT9culBrj with status code 200
2024-11-09 10:36:53,544 - root - INFO - Successfully made request to https://api.spotify.com/v1/artists/2uFUBdaVGtyMqckSeCl0Qj with status code 200
2024-11-09 10:36:53,685 - root - INFO - Successfully made request to https://api.spotify.com/v1/albums/3uJ6D2WOPdjwJ0SrsH9EiG with status code 200
2024-11-09 10:36:53,854 - root - INFO - Successfully made request to https://api.spotify.com/v1/tracks/6kckNpuM5oXZrObLExRg6d with status code 200
2024-11-09 10:36:53,992 - root - INFO - Successfully made request to https://api.spotify.com/v1/artists/27gtK7m9vYwCyJ04zz0kIb with status code 200
2024-11-09 10:36:54,172 - root - INFO - Successfully made request to https://api.spotify.com/v1/albums/6EdbqQvOCialJuOjEEUlsL with status code 200
2024-11-09 10:36:54,373 - root - INFO - Successfully made request to https://api.spotify.com/v1/tracks/3V0W5CfNDMiTKg93wuLFxJ with status code 200
2024-11-09 10:36:54,502 - root - INFO - Successfully made request to https://api.spotify.com/v1/artists/4AGwPDdh1y8hochNzHy5HC with status code 200
2024-11-09 10:36:54,646 - root - INFO - Successfully made request to https://api.spotify.com/v1/albums/0pvp7cHQccsevHLhClFbSz with status code 200
2024-11-09 10:36:54,822 - root - INFO - Successfully made request to https://api.spotify.com/v1/tracks/1k3J7o5b0tDUzbllLycVUJ with status code 200
2024-11-09 10:36:54,979 - root - INFO - Successfully made request to https://api.spotify.com/v1/tracks/2ZUJsR8HEktit58X6FuPQM with status code 200
2024-11-09 10:36:55,130 - root - INFO - Successfully made request to https://api.spotify.com/v1/artists/5K4W6rqBFWDnAN6FQUkS6x with status code 200
2024-11-09 10:36:55,332 - root - INFO - Successfully made request to https://api.spotify.com/v1/albums/340MjPcVdiQRnMigrPybZA with status code 200
2024-11-09 10:36:55,501 - root - INFO - Successfully made request to https://api.spotify.com/v1/tracks/7Bpx2vsWfQFBACRz4h3IqH with status code 200
2024-11-09 10:36:55,706 - root - INFO - Successfully made request to https://api.spotify.com/v1/artists/5SXuuuRpukkTvsLuUknva1 with status code 200
2024-11-09 10:36:55,846 - root - INFO - Successfully made request to https://api.spotify.com/v1/albums/3HqmX8hGcbbQZODgayNEYx with status code 200
2024-11-09 10:36:55,978 - root - INFO - Successfully made request to https://api.spotify.com/v1/tracks/4JJcP0Rv9AgyPD6ZGaC8EE with status code 200
2024-11-09 10:36:56,109 - root - INFO - Successfully made request to https://api.spotify.com/v1/albums/2JFAT4IDF89ZMmuxoOKbQ1 with status code 200
2024-11-09 10:36:56,257 - root - INFO - Successfully made request to https://api.spotify.com/v1/tracks/42ZrMq4BKsWDrrbMnMRYaK with status code 200
2024-11-09 10:36:56,421 - root - INFO - Successfully made request to https://api.spotify.com/v1/tracks/7f1w2rZoIf7g56McEUTh5W with status code 200
2024-11-09 10:36:56,612 - root - INFO - Successfully made request to https://api.spotify.com/v1/tracks/1QCqedB1ibmRO9x7Ikb5LI with status code 200
2024-11-09 10:36:56,773 - root - INFO - Successfully made request to https://api.spotify.com/v1/tracks/6DZz58CbF0AKw5PCKqNKcM with status code 200
2024-11-09 10:36:56,934 - root - INFO - Successfully made request to https://api.spotify.com/v1/tracks/3onYsG7nB3FwEVHYYWCrIM with status code 200
2024-11-09 10:37:03,173 - root - INFO - Successfully made request to https://api.spotify.com/v1/tracks/2tHfNQnj50VoMZga2rpfdA with status code 200
2024-11-09 10:37:03,317 - root - INFO - Successfully made request to https://api.spotify.com/v1/artists/5Q81rlcTFh3k6DQJXPdsot with status code 200
2024-11-09 10:37:03,494 - root - INFO - Successfully made request to https://api.spotify.com/v1/albums/0NBTBo1qrg554sAj79nEqD with status code 200
2024-11-09 10:37:04,623 - root - INFO - Successfully made request to https://api.spotify.com/v1/tracks/2T5NBwKRySiCR78vVk08vr with status code 200
2024-11-09 10:37:04,799 - root - INFO - Successfully made request to https://api.spotify.com/v1/artists/4r63FhuTkUYltbVAg5TQnk with status code 200
2024-11-09 10:37:04,953 - root - INFO - Successfully made request to https://api.spotify.com/v1/albums/6SL49HqoUwu2hhfukBAK3Q with status code 200
2024-11-09 10:37:05,142 - root - INFO - Successfully made request to https://api.spotify.com/v1/tracks/3LnoLo62GjfKDYIN7eJpPB with status code 200
2024-11-09 10:37:05,276 - root - INFO - Successfully made request to https://api.spotify.com/v1/artists/0jNDKefhfSbLR9sFvcPLHo with status code 200
2024-11-09 10:37:05,489 - root - INFO - Successfully made request to https://api.spotify.com/v1/albums/046wH7DEfUumC5h9ykIEkd with status code 200
2024-11-09 10:37:05,641 - root - INFO - Successfully made request to https://api.spotify.com/v1/tracks/1k3J7o5b0tDUzbllLycVUJ with status code 200
2024-11-09 10:37:05,869 - root - INFO - Successfully made request to https://api.spotify.com/v1/albums/7t6TgWkJUkrtbMtcpk7sh0 with status code 200
2024-11-09 10:37:05,997 - root - INFO - Successfully made request to https://api.spotify.com/v1/tracks/1BncfTJAWxrsxyT9culBrj with status code 200
2024-11-09 10:37:06,141 - root - INFO - Successfully made request to https://api.spotify.com/v1/artists/2uFUBdaVGtyMqckSeCl0Qj with status code 200
2024-11-09 10:37:06,343 - root - INFO - Successfully made request to https://api.spotify.com/v1/albums/3uJ6D2WOPdjwJ0SrsH9EiG with status code 200
2024-11-09 10:37:06,531 - root - INFO - Successfully made request to https://api.spotify.com/v1/tracks/6kckNpuM5oXZrObLExRg6d with status code 200
2024-11-09 10:37:06,662 - root - INFO - Successfully made request to https://api.spotify.com/v1/artists/27gtK7m9vYwCyJ04zz0kIb with status code 200
2024-11-09 10:37:06,820 - root - INFO - Successfully made request to https://api.spotify.com/v1/albums/6EdbqQvOCialJuOjEEUlsL with status code 200
2024-11-09 10:37:07,073 - root - INFO - Successfully made request to https://api.spotify.com/v1/tracks/3V0W5CfNDMiTKg93wuLFxJ with status code 200
2024-11-09 10:37:07,256 - root - INFO - Successfully made request to https://api.spotify.com/v1/artists/4AGwPDdh1y8hochNzHy5HC with status code 200
2024-11-09 10:37:07,461 - root - INFO - Successfully made request to https://api.spotify.com/v1/albums/0pvp7cHQccsevHLhClFbSz with status code 200
2024-11-09 10:37:07,595 - root - INFO - Successfully made request to https://api.spotify.com/v1/tracks/1k3J7o5b0tDUzbllLycVUJ with status code 200
2024-11-09 10:37:07,745 - root - INFO - Successfully made request to https://api.spotify.com/v1/tracks/2ZUJsR8HEktit58X6FuPQM with status code 200
2024-11-09 10:37:07,964 - root - INFO - Successfully made request to https://api.spotify.com/v1/artists/5K4W6rqBFWDnAN6FQUkS6x with status code 200
2024-11-09 10:37:08,229 - root - INFO - Successfully made request to https://api.spotify.com/v1/albums/340MjPcVdiQRnMigrPybZA with status code 200
2024-11-09 10:37:08,418 - root - INFO - Successfully made request to https://api.spotify.com/v1/tracks/7Bpx2vsWfQFBACRz4h3IqH with status code 200
2024-11-09 10:37:08,600 - root - INFO - Successfully made request to https://api.spotify.com/v1/artists/5SXuuuRpukkTvsLuUknva1 with status code 200
2024-11-09 10:37:08,804 - root - INFO - Successfully made request to https://api.spotify.com/v1/albums/3HqmX8hGcbbQZODgayNEYx with status code 200
2024-11-09 10:37:08,958 - root - INFO - Successfully made request to https://api.spotify.com/v1/tracks/4JJcP0Rv9AgyPD6ZGaC8EE with status code 200
2024-11-09 10:37:09,109 - root - INFO - Successfully made request to https://api.spotify.com/v1/albums/2JFAT4IDF89ZMmuxoOKbQ1 with status code 200
2024-11-09 10:37:09,313 - root - INFO - Successfully made request to https://api.spotify.com/v1/tracks/42ZrMq4BKsWDrrbMnMRYaK with status code 200
2024-11-09 10:37:09,484 - root - INFO - Successfully made request to https://api.spotify.com/v1/tracks/7f1w2rZoIf7g56McEUTh5W with status code 200
2024-11-09 10:37:09,646 - root - INFO - Successfully made request to https://api.spotify.com/v1/tracks/1QCqedB1ibmRO9x7Ikb5LI with status code 200
2024-11-09 10:37:09,833 - root - INFO - Successfully made request to https://api.spotify.com/v1/tracks/6DZz58CbF0AKw5PCKqNKcM with status code 200
2024-11-09 10:37:10,042 - root - INFO - Successfully made request to https://api.spotify.com/v1/tracks/3onYsG7nB3FwEVHYYWCrIM with status code 200
2024-11-09 10:37:11,828 - root - INFO - Successfully made request to https://api.spotify.com/v1/tracks/2tHfNQnj50VoMZga2rpfdA with status code 200
2024-11-09 10:37:12,176 - root - INFO - Successfully made request to https://api.spotify.com/v1/tracks/2T5NBwKRySiCR78vVk08vr with status code 200
2024-11-09 10:37:12,328 - root - INFO - Successfully made request to https://api.spotify.com/v1/tracks/3LnoLo62GjfKDYIN7eJpPB with status code 200
2024-11-09 10:37:12,478 - root - INFO - Successfully made request to https://api.spotify.com/v1/tracks/1k3J7o5b0tDUzbllLycVUJ with status code 200
2024-11-09 10:37:12,628 - root - INFO - Successfully made request to https://api.spotify.com/v1/tracks/1BncfTJAWxrsxyT9culBrj with status code 200
2024-11-09 10:37:12,800 - root - INFO - Successfully made request to https://api.spotify.com/v1/tracks/6kckNpuM5oXZrObLExRg6d with status code 200
2024-11-09 10:37:12,981 - root - INFO - Successfully made request to https://api.spotify.com/v1/tracks/3V0W5CfNDMiTKg93wuLFxJ with status code 200
2024-11-09 10:37:13,142 - root - INFO - Successfully made request to https://api.spotify.com/v1/tracks/1k3J7o5b0tDUzbllLycVUJ with status code 200
2024-11-09 10:37:13,320 - root - INFO - Successfully made request to https://api.spotify.com/v1/tracks/2ZUJsR8HEktit58X6FuPQM with status code 200
2024-11-09 10:37:13,478 - root - INFO - Successfully made request to https://api.spotify.com/v1/tracks/7Bpx2vsWfQFBACRz4h3IqH with status code 200
2024-11-09 10:37:13,612 - root - INFO - Successfully made request to https://api.spotify.com/v1/tracks/4JJcP0Rv9AgyPD6ZGaC8EE with status code 200
2024-11-09 10:37:13,808 - root - INFO - Successfully made request to https://api.spotify.com/v1/tracks/42ZrMq4BKsWDrrbMnMRYaK with status code 200
2024-11-09 10:37:13,954 - root - INFO - Successfully made request to https://api.spotify.com/v1/tracks/7f1w2rZoIf7g56McEUTh5W with status code 200
2024-11-09 10:37:14,089 - root - INFO - Successfully made request to https://api.spotify.com/v1/tracks/1QCqedB1ibmRO9x7Ikb5LI with status code 200
2024-11-09 10:37:14,316 - root - INFO - Successfully made request to https://api.spotify.com/v1/tracks/6DZz58CbF0AKw5PCKqNKcM with status code 200
2024-11-09 10:37:14,499 - root - INFO - Successfully made request to https://api.spotify.com/v1/tracks/3onYsG7nB3FwEVHYYWCrIM with status code 200
